d:\github_experiment\exp5-2-2客户区显示位图\exp5-2-2客户区显示位图\debug\exp5-2-2客户区显示位图.pch
d:\github_experiment\exp5-2-2客户区显示位图\exp5-2-2客户区显示位图\debug\vc140.pdb
d:\github_experiment\exp5-2-2客户区显示位图\exp5-2-2客户区显示位图\debug\vc140.idb
d:\github_experiment\exp5-2-2客户区显示位图\exp5-2-2客户区显示位图\debug\stdafx.obj
d:\github_experiment\exp5-2-2客户区显示位图\exp5-2-2客户区显示位图\debug\exp5-2-2客户区显示位图view.obj
d:\github_experiment\exp5-2-2客户区显示位图\exp5-2-2客户区显示位图\debug\exp5-2-2客户区显示位图.obj
d:\github_experiment\exp5-2-2客户区显示位图\exp5-2-2客户区显示位图\debug\exp5-2-2客户区显示位图doc.obj
d:\github_experiment\exp5-2-2客户区显示位图\exp5-2-2客户区显示位图\debug\mainfrm.obj
d:\github_experiment\exp5-2-2客户区显示位图\debug\exp5-2-2客户区显示位图.ilk
d:\github_experiment\exp5-2-2客户区显示位图\debug\exp5-2-2客户区显示位图.exe
d:\github_experiment\exp5-2-2客户区显示位图\debug\exp5-2-2客户区显示位图.pdb
d:\github_experiment\exp5-2-2客户区显示位图\exp5-2-2客户区显示位图\debug\exp5-2-2客户区显示位图.res
d:\github_experiment\exp5-2-2客户区显示位图\exp5-2-2客户区显示位图\debug\exp5-2-2客户区显示位图.tlog\cl.command.1.tlog
d:\github_experiment\exp5-2-2客户区显示位图\exp5-2-2客户区显示位图\debug\exp5-2-2客户区显示位图.tlog\cl.read.1.tlog
d:\github_experiment\exp5-2-2客户区显示位图\exp5-2-2客户区显示位图\debug\exp5-2-2客户区显示位图.tlog\cl.write.1.tlog
d:\github_experiment\exp5-2-2客户区显示位图\exp5-2-2客户区显示位图\debug\exp5-2-2客户区显示位图.tlog\link.command.1.tlog
d:\github_experiment\exp5-2-2客户区显示位图\exp5-2-2客户区显示位图\debug\exp5-2-2客户区显示位图.tlog\link.read.1.tlog
d:\github_experiment\exp5-2-2客户区显示位图\exp5-2-2客户区显示位图\debug\exp5-2-2客户区显示位图.tlog\link.write.1.tlog
d:\github_experiment\exp5-2-2客户区显示位图\exp5-2-2客户区显示位图\debug\exp5-2-2客户区显示位图.tlog\rc.command.1.tlog
d:\github_experiment\exp5-2-2客户区显示位图\exp5-2-2客户区显示位图\debug\exp5-2-2客户区显示位图.tlog\rc.read.1.tlog
d:\github_experiment\exp5-2-2客户区显示位图\exp5-2-2客户区显示位图\debug\exp5-2-2客户区显示位图.tlog\rc.write.1.tlog
